[debug] ----------------------------------------------------------------------
[debug] Command:      C:\Program Files\nodejs\node.exe C:\Users\frien\AppData\Roaming\npm\node_modules\firebase-tools\bin\firebase deploy
[debug] CLI Version:  3.0.6
[debug] Platform:     win32
[debug] Node Version: v6.3.0
[debug] Time:         Sun Aug 21 2016 11:06:15 GMT-0700 (Pacific Daylight Time)
[debug] ----------------------------------------------------------------------
[debug] 
[warn] !  "firebase" key in firebase.json is deprecated. Run firebase use --add instead
[warn] !  Deprecation Warning: Firebase Hosting configuration should be moved under "hosting" key.
[debug] > command requires scopes: ["email","openid","https://www.googleapis.com/auth/cloudplatformprojects.readonly","https://www.googleapis.com/auth/firebase"]
[debug] >>> HTTP REQUEST GET https://admin.firebase.com/v1/projects/learnfirebase-43e98 
[debug] <<< HTTP RESPONSE 200
[debug] >>> HTTP REQUEST GET https://admin.firebase.com/v1/database/learnfirebase-43e98/tokens 
[debug] <<< HTTP RESPONSE 200
[info] 
[info] === Deploying to 'learnfirebase-43e98'...
[info] 
[info] i  deploying hosting
[info] +  database: rules ready to deploy.
[info] i  hosting: preparing / directory for upload...
[debug] >>> HTTP REQUEST PUT https://deploy.firebase.com/v1/hosting/learnfirebase-43e98/uploads/-KPiH1xLXrHoB5unRETY?fileCount=660&message= 
